Running: D:\ISE\14.7\ISE_DS\ISE\bin\nt64\unwrapped\fuse.exe -intstyle ise -incremental -lib secureip -o C:/Users/83896/Desktop/lab6 latest/gogogoTop_gogogoTop_sch_tb_isim_beh.exe -prj C:/Users/83896/Desktop/lab6 latest/gogogoTop_gogogoTop_sch_tb_beh.prj work.gogogoTop_gogogoTop_sch_tb 
ISim P.20131013 (signature 0x7708f090)
Number of CPUs detected in this system: 8
Turning on mult-threading, number of parallel sub-compilation jobs: 16 
Determining compilation order of HDL files
Parsing VHDL file "C:/Users/83896/Desktop/lab6 latest/GOGOGO.vhf" into library work
Parsing VHDL file "C:/Users/83896/Desktop/lab6 latest/gogogoTop.vhf" into library work
Parsing VHDL file "C:/Users/83896/Desktop/lab6 latest/test.vhd" into library work
Starting static elaboration
Completed static elaboration
Compiling package standard
Compiling package std_logic_1164
Compiling package numeric_std
Compiling package vcomponents
Compiling package textio
Compiling package std_logic_textio
Compiling architecture inv_v of entity INV [inv_default]
Compiling architecture and12_hxilinx_gogogotop_v of entity AND12_HXILINX_gogogoTop [and12_hxilinx_gogogotop_default]
Compiling architecture and3_v of entity AND3 [and3_default]
Compiling architecture or3_v of entity OR3 [or3_default]
Compiling architecture or4_v of entity OR4 [or4_default]
Compiling architecture or2_v of entity OR2 [or2_default]
Compiling architecture and2_v of entity AND2 [and2_default]
Compiling architecture or6_hxilinx_gogogotop_v of entity OR6_HXILINX_gogogoTop [or6_hxilinx_gogogotop_default]
Compiling architecture or5_v of entity OR5 [or5_default]
Compiling architecture or8_hxilinx_gogogotop_v of entity OR8_HXILINX_gogogoTop [or8_hxilinx_gogogotop_default]
Compiling architecture behavioral of entity GOGOGO_MUSER_gogogoTop [gogogo_muser_gogogotop_default]
Compiling architecture behavioral of entity gogogoTop [gogogotop_default]
Compiling architecture behavioral of entity gogogotop_gogogotop_sch_tb
Time Resolution for simulation is 1ps.
Waiting for 3 sub-compilation(s) to finish...
Compiled 31 VHDL Units
Built simulation executable C:/Users/83896/Desktop/lab6 latest/gogogoTop_gogogoTop_sch_tb_isim_beh.exe
Fuse Memory Usage: 51968 KB
Fuse CPU Usage: 953 ms
