Release 14.7 - xst P.20131013 (nt64)
Copyright (c) 1995-2013 Xilinx, Inc.  All rights reserved.
--> Parameter TMPDIR set to xst/projnav.tmp


Total REAL time to Xst completion: 1.00 secs
Total CPU time to Xst completion: 0.64 secs
 
--> Parameter xsthdpdir set to xst


Total REAL time to Xst completion: 1.00 secs
Total CPU time to Xst completion: 0.64 secs
 
--> Reading design: gogogoTop.prj

TABLE OF CONTENTS
  1) Synthesis Options Summary
  2) HDL Parsing
  3) HDL Elaboration
  4) HDL Synthesis
       4.1) HDL Synthesis Report
  5) Advanced HDL Synthesis
       5.1) Advanced HDL Synthesis Report
  6) Low Level Synthesis
  7) Partition Report
  8) Design Summary
       8.1) Primitive and Black Box Usage
       8.2) Device utilization summary
       8.3) Partition Resource Summary
       8.4) Timing Report
            8.4.1) Clock Information
            8.4.2) Asynchronous Control Signals Information
            8.4.3) Timing Summary
            8.4.4) Timing Details
            8.4.5) Cross Clock Domains Report


=========================================================================
*                      Synthesis Options Summary                        *
=========================================================================
---- Source Parameters
Input File Name                    : "gogogoTop.prj"
Ignore Synthesis Constraint File   : NO

---- Target Parameters
Output File Name                   : "gogogoTop"
Output Format                      : NGC
Target Device                      : xc6slx16-3-csg324

---- Source Options
Top Module Name                    : gogogoTop
Automatic FSM Extraction           : YES
FSM Encoding Algorithm             : Auto
Safe Implementation                : No
FSM Style                          : LUT
RAM Extraction                     : Yes
RAM Style                          : Auto
ROM Extraction                     : Yes
Shift Register Extraction          : YES
ROM Style                          : Auto
Resource Sharing                   : YES
Asynchronous To Synchronous        : NO
Shift Register Minimum Size        : 2
Use DSP Block                      : Auto
Automatic Register Balancing       : No

---- Target Options
LUT Combining                      : Auto
Reduce Control Sets                : Auto
Add IO Buffers                     : YES
Global Maximum Fanout              : 100000
Add Generic Clock Buffer(BUFG)     : 16
Register Duplication               : YES
Optimize Instantiated Primitives   : NO
Use Clock Enable                   : Auto
Use Synchronous Set                : Auto
Use Synchronous Reset              : Auto
Pack IO Registers into IOBs        : Auto
Equivalent register Removal        : YES

---- General Options
Optimization Goal                  : Speed
Optimization Effort                : 1
Power Reduction                    : NO
Keep Hierarchy                     : No
Netlist Hierarchy                  : As_Optimized
RTL Output                         : Yes
Global Optimization                : AllClockNets
Read Cores                         : YES
Write Timing Constraints           : NO
Cross Clock Analysis               : NO
Hierarchy Separator                : /
Bus Delimiter                      : <>
Case Specifier                     : Maintain
Slice Utilization Ratio            : 100
BRAM Utilization Ratio             : 100
DSP48 Utilization Ratio            : 100
Auto BRAM Packing                  : NO
Slice Utilization Ratio Delta      : 5

=========================================================================


=========================================================================
*                          HDL Parsing                                  *
=========================================================================
Parsing VHDL file "C:\Users\83896\Desktop\lab6 latest\GOGOGO.vhf" into library work
Parsing entity <AND12_HXILINX_GOGOGO>.
Parsing architecture <AND12_HXILINX_GOGOGO_V> of entity <and12_hxilinx_gogogo>.
Parsing entity <OR6_HXILINX_GOGOGO>.
Parsing architecture <OR6_HXILINX_GOGOGO_V> of entity <or6_hxilinx_gogogo>.
Parsing entity <OR8_HXILINX_GOGOGO>.
Parsing architecture <OR8_HXILINX_GOGOGO_V> of entity <or8_hxilinx_gogogo>.
Parsing entity <GOGOGO>.
Parsing architecture <BEHAVIORAL> of entity <gogogo>.
Parsing VHDL file "C:\Users\83896\Desktop\lab6 latest\gogogoTop.vhf" into library work
Parsing entity <AND12_HXILINX_gogogoTop>.
Parsing architecture <AND12_HXILINX_gogogoTop_V> of entity <and12_hxilinx_gogogotop>.
Parsing entity <OR6_HXILINX_gogogoTop>.
Parsing architecture <OR6_HXILINX_gogogoTop_V> of entity <or6_hxilinx_gogogotop>.
Parsing entity <OR8_HXILINX_gogogoTop>.
Parsing architecture <OR8_HXILINX_gogogoTop_V> of entity <or8_hxilinx_gogogotop>.
Parsing entity <GOGOGO_MUSER_gogogoTop>.
Parsing architecture <BEHAVIORAL> of entity <gogogo_muser_gogogotop>.
Parsing entity <gogogoTop>.
Parsing architecture <BEHAVIORAL> of entity <gogogotop>.

=========================================================================
*                            HDL Elaboration                            *
=========================================================================

Elaborating entity <gogogoTop> (architecture <BEHAVIORAL>) from library <work>.

Elaborating entity <GOGOGO_MUSER_gogogoTop> (architecture <BEHAVIORAL>) from library <work>.

Elaborating entity <AND12_HXILINX_gogogoTop> (architecture <AND12_HXILINX_gogogoTop_V>) from library <work>.

Elaborating entity <OR6_HXILINX_gogogoTop> (architecture <OR6_HXILINX_gogogoTop_V>) from library <work>.

Elaborating entity <OR8_HXILINX_gogogoTop> (architecture <OR8_HXILINX_gogogoTop_V>) from library <work>.

=========================================================================
*                           HDL Synthesis                               *
=========================================================================

Synthesizing Unit <gogogoTop>.
    Related source file is "C:\Users\83896\Desktop\lab6 latest\gogogoTop.vhf".
WARNING:Xst:647 - Input <btn<4:4>> is never used. This port will be preserved and left unconnected if it belongs to a top-level block or it belongs to a sub-block and the hierarchy of this sub-block is preserved.
    Summary:
	no macro.
Unit <gogogoTop> synthesized.

Synthesizing Unit <GOGOGO_MUSER_gogogoTop>.
    Related source file is "C:\Users\83896\Desktop\lab6 latest\gogogoTop.vhf".
    Set property "HU_SET = XLXI_14_18" for instance <XLXI_14>.
    Set property "HU_SET = XLXI_15_19" for instance <XLXI_15>.
    Set property "HU_SET = XLXI_16_20" for instance <XLXI_16>.
    Set property "HU_SET = XLXI_17_21" for instance <XLXI_17>.
    Set property "HU_SET = XLXI_18_23" for instance <XLXI_18>.
    Set property "HU_SET = XLXI_34_22" for instance <XLXI_34>.
    Set property "HU_SET = XLXI_91_24" for instance <XLXI_91>.
    Set property "HU_SET = XLXI_228_25" for instance <XLXI_228>.
    Set property "HU_SET = XLXI_367_26" for instance <XLXI_367>.
    Summary:
	no macro.
Unit <GOGOGO_MUSER_gogogoTop> synthesized.

Synthesizing Unit <AND12_HXILINX_gogogoTop>.
    Related source file is "C:\Users\83896\Desktop\lab6 latest\gogogoTop.vhf".
    Summary:
	no macro.
Unit <AND12_HXILINX_gogogoTop> synthesized.

Synthesizing Unit <OR6_HXILINX_gogogoTop>.
    Related source file is "C:\Users\83896\Desktop\lab6 latest\gogogoTop.vhf".
    Summary:
	no macro.
Unit <OR6_HXILINX_gogogoTop> synthesized.

Synthesizing Unit <OR8_HXILINX_gogogoTop>.
    Related source file is "C:\Users\83896\Desktop\lab6 latest\gogogoTop.vhf".
    Summary:
	no macro.
Unit <OR8_HXILINX_gogogoTop> synthesized.

=========================================================================
HDL Synthesis Report

Found no macro
=========================================================================

=========================================================================
*                       Advanced HDL Synthesis                          *
=========================================================================


=========================================================================
Advanced HDL Synthesis Report

Found no macro
=========================================================================

=========================================================================
*                         Low Level Synthesis                           *
=========================================================================
WARNING:Xst:2170 - Unit GOGOGO_MUSER_gogogoTop : the following signal(s) form a combinatorial loop: XLXN_1204, Out3_DUMMY.

Optimizing unit <gogogoTop> ...

Optimizing unit <GOGOGO_MUSER_gogogoTop> ...

Optimizing unit <AND12_HXILINX_gogogoTop> ...

Optimizing unit <OR6_HXILINX_gogogoTop> ...

Optimizing unit <OR8_HXILINX_gogogoTop> ...

Mapping all equations...
Building and optimizing final netlist ...
Found area constraint ratio of 100 (+ 5) on block gogogoTop, actual ratio is 0.

Final Macro Processing ...

=========================================================================
Final Register Report

Found no macro
=========================================================================

=========================================================================
*                           Partition Report                            *
=========================================================================

Partition Implementation Status
-------------------------------

  No Partitions were found in this design.

-------------------------------

=========================================================================
*                            Design Summary                             *
=========================================================================

Top Level Output File Name         : gogogoTop.ngc

Primitive and Black Box Usage:
------------------------------
# BELS                             : 70
#      AND2                        : 10
#      AND3                        : 13
#      INV                         : 15
#      LUT2                        : 7
#      LUT3                        : 1
#      LUT6                        : 16
#      OR2                         : 1
#      OR3                         : 3
#      OR4                         : 3
#      OR5                         : 1
# IO Buffers                       : 16
#      IBUF                        : 12
#      OBUF                        : 4

Device utilization summary:
---------------------------

Selected Device : 6slx16csg324-3 


Slice Logic Utilization: 
 Number of Slice LUTs:                   39  out of   9112     0%  
    Number used as Logic:                39  out of   9112     0%  

Slice Logic Distribution: 
 Number of LUT Flip Flop pairs used:     39
   Number with an unused Flip Flop:      39  out of     39   100%  
   Number with an unused LUT:             0  out of     39     0%  
   Number of fully used LUT-FF pairs:     0  out of     39     0%  
   Number of unique control sets:         0

IO Utilization: 
 Number of IOs:                          21
 Number of bonded IOBs:                  16  out of    232     6%  

Specific Feature Utilization:

---------------------------
Partition Resource Summary:
---------------------------

  No Partitions were found in this design.

---------------------------


=========================================================================
Timing Report

NOTE: THESE TIMING NUMBERS ARE ONLY A SYNTHESIS ESTIMATE.
      FOR ACCURATE TIMING INFORMATION PLEASE REFER TO THE TRACE REPORT
      GENERATED AFTER PLACE-and-ROUTE.

Clock Information:
------------------
No clock signals found in this design

Asynchronous Control Signals Information:
----------------------------------------
No asynchronous control signals found in this design

Timing Summary:
---------------
Speed Grade: -3

   Minimum period: No path found
   Minimum input arrival time before clock: No path found
   Maximum output required time after clock: No path found
   Maximum combinational path delay: 20.358ns

Timing Details:
---------------
All values displayed in nanoseconds (ns)

=========================================================================
Timing constraint: Default path analysis
  Total number of paths / destination ports: 5616 / 4
-------------------------------------------------------------------------
Delay:               20.358ns (Levels of Logic = 18)
  Source:            sw<5> (PAD)
  Destination:       Led<4> (PAD)

  Data Path: sw<5> to Led<4>
                                Gate     Net
    Cell:in->out      fanout   Delay   Delay  Logical Name (Net Name)
    ----------------------------------------  ------------
     IBUF:I->O             1   1.222   0.579  sw_5_IBUF (sw_5_IBUF)
     INV:I->O              7   0.568   1.138  XLXI_1/XLXI_11 (XLXI_1/XLXN_121)
     begin scope: 'XLXI_1/XLXI_91:I2'
     LUT6:I0->O            1   0.203   0.684  O1 (O1)
     LUT2:I0->O            9   0.203   1.174  O3 (O)
     end scope: 'XLXI_1/XLXI_91:O'
     OR4:I1->O             1   0.223   0.944  XLXI_1/XLXI_167 (XLXI_1/XLXN_732)
     AND2:I0->O            1   0.203   0.808  XLXI_1/XLXI_203 (XLXI_1/XLXN_736)
     begin scope: 'XLXI_1/XLXI_228:I1'
     LUT6:I3->O           10   0.205   0.856  O1 (O)
     end scope: 'XLXI_1/XLXI_228:O'
     INV:I->O              3   0.568   1.015  XLXI_1/XLXI_47 (XLXI_1/XLXN_1104)
     AND2:I0->O            1   0.203   0.944  XLXI_1/XLXI_343 (XLXI_1/XLXN_1232)
     AND2:I0->O            1   0.203   0.944  XLXI_1/XLXI_344 (XLXI_1/XLXN_1059)
     begin scope: 'XLXI_1/XLXI_367:I5'
     LUT6:I0->O           15   0.203   1.346  O (O)
     end scope: 'XLXI_1/XLXI_367:O'
     AND2:I0->O            1   0.203   0.944  XLXI_1/XLXI_201 (XLXI_1/XLXN_1205)
     OR3:I0->O            10   0.203   1.221  XLXI_1/XLXI_351 (Led_2_OBUF)
     AND3:I0->O            1   0.203   0.579  XLXI_1/XLXI_187 (Led_4_OBUF)
     OBUF:I->O                 2.571          Led_4_OBUF (Led<4>)
    ----------------------------------------
    Total                     20.358ns (7.184ns logic, 13.174ns route)
                                       (35.3% logic, 64.7% route)

=========================================================================

Cross Clock Domains Report:
--------------------------

=========================================================================


Total REAL time to Xst completion: 9.00 secs
Total CPU time to Xst completion: 8.65 secs
 
--> 

Total memory usage is 348320 kilobytes

Number of errors   :    0 (   0 filtered)
Number of warnings :    2 (   0 filtered)
Number of infos    :    0 (   0 filtered)

